#
# There is insufficient memory for the Java Runtime Environment to continue.
# Native memory allocation (mmap) failed to map 65011712 bytes for Failed to commit area from 0x00000000c2200000 to 0x00000000c6000000 of length 65011712.
# Possible reasons:
#   The system is out of physical RAM or swap space
#   The process is running with CompressedOops enabled, and the Java Heap may be blocking the growth of the native heap
# Possible solutions:
#   Reduce memory load on the system
#   Increase physical memory or swap space
#   Check if swap backing store is full
#   Decrease Java heap size (-Xmx/-Xms)
#   Decrease number of Java threads
#   Decrease Java thread stack sizes (-Xss)
#   Set larger code cache with -XX:ReservedCodeCacheSize=
# This output file may be truncated or incomplete.
#
#  Out of Memory Error (t:/workspace/open/src/hotspot/os/windows/os_windows.cpp:3301), pid=1636, tid=17024
#
# JRE version:  (13.0.2+8) (build )
# Java VM: Java HotSpot(TM) 64-Bit Server VM (13.0.2+8, mixed mode, aot, sharing, tiered, compressed oops, g1 gc, windows-amd64)
# No core dump will be written. Minidumps are not enabled by default on client versions of Windows
#

---------------  S U M M A R Y ------------

Command Line: -Dfile.encoding=UTF-8 PokemonGame

Host: Intel(R) Core(TM) i5-8300H CPU @ 2.30GHz, 8 cores, 3G,  Windows 10 , 64 bit Build 18362 (10.0.18362.778)
Time: Wed Apr 29 05:30:10 2020 SE Asia Standard Time elapsed time: 1 seconds (0d 0h 0m 1s)

---------------  T H R E A D  ---------------

Current thread (0x00000247f2c6b000):  JavaThread "Unknown thread" [_thread_in_vm, id=17024, stack(0x000000904b800000,0x000000904b900000)]

Stack: [0x000000904b800000,0x000000904b900000]
Native frames: (J=compiled Java code, j=interpreted, Vv=VM code, C=native code)
V  [jvm.dll+0x624f9a]
V  [jvm.dll+0x770cfa]
V  [jvm.dll+0x7724af]
V  [jvm.dll+0x772ab3]
V  [jvm.dll+0x24bf08]
V  [jvm.dll+0x6222aa]
V  [jvm.dll+0x6170b5]
V  [jvm.dll+0x30a88c]
V  [jvm.dll+0x30a6c2]
V  [jvm.dll+0x30fe36]
V  [jvm.dll+0x353f46]
V  [jvm.dll+0x353720]
V  [jvm.dll+0x2e550a]
V  [jvm.dll+0x2e67a2]
V  [jvm.dll+0x74dd78]
V  [jvm.dll+0x361989]
V  [jvm.dll+0x730e65]
V  [jvm.dll+0x3cc53f]
V  [jvm.dll+0x3ce861]
C  [jli.dll+0x51ff]
C  [ucrtbase.dll+0x20e72]
C  [KERNEL32.DLL+0x17bd4]
C  [ntdll.dll+0x6ce51]


---------------  P R O C E S S  ---------------

Threads class SMR info:
_java_thread_list=0x00007ff92d17ccb8, length=0, elements={
}

Java Threads: ( => current thread )

Other Threads:
  0x00000247f2c9a800 GCTaskThread "GC Thread#0" [stack: 0x000000904b900000,0x000000904ba00000] [id=11920]
  0x00000247f2ca5000 ConcurrentGCThread "G1 Main Marker" [stack: 0x000000904ba00000,0x000000904bb00000] [id=2480]
  0x00000247f2ca7000 ConcurrentGCThread "G1 Conc#0" [stack: 0x000000904bb00000,0x000000904bc00000] [id=14428]

[error occurred during error reporting (printing all threads), id 0xc0000005, EXCEPTION_ACCESS_VIOLATION (0xc0000005) at pc=0x00007ff92c9b51d7]

VM state:not at safepoint (not fully initialized)

VM Mutex/Monitor currently owned by a thread:  ([mutex/lock_event])
[0x00000247f2c68480] Heap_lock - owner thread: 0x00000247f2c6b000

Heap address: 0x00000000c2200000, size: 990 MB, Compressed Oops mode: Non-zero based: 0x00000000c2200000
Narrow klass base: 0x0000000000000000, Narrow klass shift: 0

GC Heap History (0 events):
No events

Deoptimization events (0 events):
No events

Classes unloaded (0 events):
No events

Classes redefined (0 events):
No events

Internal exceptions (0 events):
No events

Events (8 events):
Event: 0.024 Loaded shared library C:\Users\Ribbon\Downloads\jdk-13.0.2_windows-x64_bin\jdk-13.0.2\bin\zip.dll
Event: 0.026 Loaded shared library C:\Users\Ribbon\Downloads\jdk-13.0.2_windows-x64_bin\jdk-13.0.2\bin\jimage.dll
Event: 0.045 Loading shared library C:\Users\Ribbon\Downloads\jdk-13.0.2_windows-x64_bin\jdk-13.0.2\lib\libjava.base-coop.dll failed, error code 126
Event: 0.045 Loading shared library C:\Users\Ribbon\Downloads\jdk-13.0.2_windows-x64_bin\jdk-13.0.2\lib\libjava.logging-coop.dll failed, error code 126
Event: 0.045 Loading shared library C:\Users\Ribbon\Downloads\jdk-13.0.2_windows-x64_bin\jdk-13.0.2\lib\libjdk.compiler-coop.dll failed, error code 126
Event: 0.045 Loading shared library C:\Users\Ribbon\Downloads\jdk-13.0.2_windows-x64_bin\jdk-13.0.2\lib\libjdk.scripting.nashorn-coop.dll failed, error code 126
Event: 0.045 Loading shared library C:\Users\Ribbon\Downloads\jdk-13.0.2_windows-x64_bin\jdk-13.0.2\lib\libjdk.internal.vm.ci-coop.dll failed, error code 126
Event: 0.045 Loading shared library C:\Users\Ribbon\Downloads\jdk-13.0.2_windows-x64_bin\jdk-13.0.2\lib\libjdk.internal.vm.compiler-coop.dll failed, error code 126


Dynamic libraries:
0x00007ff688340000 - 0x00007ff68834f000 	C:\Users\Ribbon\Downloads\jdk-13.0.2_windows-x64_bin\jdk-13.0.2\bin\java.exe
0x00007ff96af00000 - 0x00007ff96b0f0000 	C:\Windows\SYSTEM32\ntdll.dll
0x00007ff9695d0000 - 0x00007ff969682000 	C:\Windows\System32\KERNEL32.DLL
0x00007ff9684d0000 - 0x00007ff968773000 	C:\Windows\System32\KERNELBASE.dll
0x00007ff967f40000 - 0x00007ff96803a000 	C:\Windows\System32\ucrtbase.dll
0x00007ff9533a0000 - 0x00007ff9533b8000 	C:\Users\Ribbon\Downloads\jdk-13.0.2_windows-x64_bin\jdk-13.0.2\bin\jli.dll
0x00007ff96a270000 - 0x00007ff96a313000 	C:\Windows\System32\ADVAPI32.dll
0x00007ff968fb0000 - 0x00007ff96904e000 	C:\Windows\System32\msvcrt.dll
0x00007ff96a320000 - 0x00007ff96a3b7000 	C:\Windows\System32\sechost.dll
0x00007ff96a790000 - 0x00007ff96a8b0000 	C:\Windows\System32\RPCRT4.dll
0x00007ff9525e0000 - 0x00007ff9525f5000 	C:\Users\Ribbon\Downloads\jdk-13.0.2_windows-x64_bin\jdk-13.0.2\bin\VCRUNTIME140.dll
0x00007ff9690c0000 - 0x00007ff969254000 	C:\Windows\System32\USER32.dll
0x00007ff968040000 - 0x00007ff968061000 	C:\Windows\System32\win32u.dll
0x00007ff96a6b0000 - 0x00007ff96a6d6000 	C:\Windows\System32\GDI32.dll
0x00007ff968290000 - 0x00007ff968424000 	C:\Windows\System32\gdi32full.dll
0x00007ff968430000 - 0x00007ff9684ce000 	C:\Windows\System32\msvcp_win.dll
0x00007ff962160000 - 0x00007ff96216a000 	C:\Windows\SYSTEM32\VERSION.dll
0x00007ff9514a0000 - 0x00007ff951725000 	C:\Windows\WinSxS\amd64_microsoft.windows.common-controls_6595b64144ccf1df_6.0.18362.778_none_e6c6b761130d4fb8\COMCTL32.dll
0x00007ff969690000 - 0x00007ff9699c6000 	C:\Windows\System32\combase.dll
0x00007ff968070000 - 0x00007ff9680f0000 	C:\Windows\System32\bcryptPrimitives.dll
0x00007ff969300000 - 0x00007ff96932e000 	C:\Windows\System32\IMM32.DLL
0x00007ff93d880000 - 0x00007ff93d91b000 	C:\Users\Ribbon\Downloads\jdk-13.0.2_windows-x64_bin\jdk-13.0.2\bin\msvcp140.dll
0x00007ff92c6c0000 - 0x00007ff92d21d000 	C:\Users\Ribbon\Downloads\jdk-13.0.2_windows-x64_bin\jdk-13.0.2\bin\server\jvm.dll
0x00007ff96a500000 - 0x00007ff96a508000 	C:\Windows\System32\PSAPI.DLL
0x00007ff95a240000 - 0x00007ff95a249000 	C:\Windows\SYSTEM32\WSOCK32.dll
0x00007ff964e30000 - 0x00007ff964e54000 	C:\Windows\SYSTEM32\WINMM.dll
0x00007ff96a3c0000 - 0x00007ff96a42f000 	C:\Windows\System32\WS2_32.dll
0x00007ff964740000 - 0x00007ff96476d000 	C:\Windows\SYSTEM32\WINMMBASE.dll
0x00007ff9680f0000 - 0x00007ff96813a000 	C:\Windows\System32\cfgmgr32.dll
0x00007ff967dd0000 - 0x00007ff967de1000 	C:\Windows\System32\kernel.appcore.dll
0x00007ff953090000 - 0x00007ff9530a0000 	C:\Users\Ribbon\Downloads\jdk-13.0.2_windows-x64_bin\jdk-13.0.2\bin\verify.dll
0x00007ff9666f0000 - 0x00007ff9668e4000 	C:\Windows\SYSTEM32\DBGHELP.DLL
0x00007ff94ef70000 - 0x00007ff94ef9a000 	C:\Windows\SYSTEM32\dbgcore.DLL
0x00007ff94a6b0000 - 0x00007ff94a6d6000 	C:\Users\Ribbon\Downloads\jdk-13.0.2_windows-x64_bin\jdk-13.0.2\bin\java.dll
0x00007ff9525c0000 - 0x00007ff9525d7000 	C:\Users\Ribbon\Downloads\jdk-13.0.2_windows-x64_bin\jdk-13.0.2\bin\zip.dll
0x00007ff952560000 - 0x00007ff95256a000 	C:\Users\Ribbon\Downloads\jdk-13.0.2_windows-x64_bin\jdk-13.0.2\bin\jimage.dll

dbghelp: loaded successfully - version: 4.0.5 - missing functions: none
symbol engine: initialized successfully - sym options: 0x614 - pdb path: .;C:\Users\Ribbon\Downloads\jdk-13.0.2_windows-x64_bin\jdk-13.0.2\bin;C:\Windows\SYSTEM32;C:\Windows\WinSxS\amd64_microsoft.windows.common-controls_6595b64144ccf1df_6.0.18362.778_none_e6c6b761130d4fb8;C:\Users\Ribbon\Downloads\jdk-13.0.2_windows-x64_bin\jdk-13.0.2\bin\server

VM Arguments:
jvm_args: -Dfile.encoding=UTF-8 
java_command: PokemonGame
java_class_path (initial): C:\Users\Ribbon\AppData\Roaming\Code\User\workspaceStorage\85c04e34e3207f08d229a376a3746431\redhat.java\jdt_ws\Pokemon_3bfeed95\bin
Launcher Type: SUN_STANDARD

[Global flags]
     intx CICompilerCount                          = 4                                         {product} {ergonomic}
     uint ConcGCThreads                            = 2                                         {product} {ergonomic}
     uint G1ConcRefinementThreads                  = 8                                         {product} {ergonomic}
   size_t G1HeapRegionSize                         = 1048576                                   {product} {ergonomic}
    uintx GCDrainStackTargetSize                   = 64                                        {product} {ergonomic}
   size_t InitialHeapSize                          = 65011712                                  {product} {ergonomic}
   size_t MarkStackSize                            = 4194304                                   {product} {ergonomic}
   size_t MaxHeapSize                              = 1038090240                                {product} {ergonomic}
   size_t MinHeapDeltaBytes                        = 1048576                                   {product} {ergonomic}
   size_t MinHeapSize                              = 8388608                                   {product} {ergonomic}
    uintx NonNMethodCodeHeapSize                   = 5839372                                {pd product} {ergonomic}
    uintx NonProfiledCodeHeapSize                  = 122909434                              {pd product} {ergonomic}
    uintx ProfiledCodeHeapSize                     = 122909434                              {pd product} {ergonomic}
    uintx ReservedCodeCacheSize                    = 251658240                              {pd product} {ergonomic}
     bool SegmentedCodeCache                       = true                                      {product} {ergonomic}
   size_t SoftMaxHeapSize                          = 1038090240                             {manageable} {ergonomic}
     bool UseCompressedClassPointers               = true                                 {lp64_product} {ergonomic}
     bool UseCompressedOops                        = true                                 {lp64_product} {ergonomic}
     bool UseG1GC                                  = true                                      {product} {ergonomic}
     bool UseLargePagesIndividualAllocation        = false                                  {pd product} {ergonomic}

Logging:
Log output configuration:
 #0: stdout all=warning uptime,level,tags
 #1: stderr all=off uptime,level,tags

Environment Variables:
PATH=C:\Users\Ribbon\Downloads\jdk-13.0.2_windows-x64_bin\jdk-13.0.2\bin;C:\Windows\system32;C:\Windows;C:\Windows\System32\Wbem;C:\Windows\System32\WindowsPowerShell\v1.0\;C:\Windows\System32\OpenSSH\;C:\Users\Ribbon\AppData\Local\Programs\Python\Python38-32\Scripts\;C:\Users\Ribbon\AppData\Local\Programs\Python\Python38-32\;C:\Users\Ribbon\AppData\Local\Microsoft\WindowsApps;;C:\Users\Ribbon\AppData\Local\Programs\Microsoft VS Code\bin
USERNAME=Ribbon
OS=Windows_NT
PROCESSOR_IDENTIFIER=Intel64 Family 6 Model 158 Stepping 10, GenuineIntel



---------------  S Y S T E M  ---------------

OS: Windows 10 , 64 bit Build 18362 (10.0.18362.778)

CPU:total 8 (initial active 8) (4 cores per cpu, 2 threads per core) family 6 model 158 stepping 10, cmov, cx8, fxsr, mmx, sse, sse2, sse3, ssse3, sse4.1, sse4.2, popcnt, avx, avx2, aes, clmul, erms, 3dnowpref, lzcnt, ht, tsc, tscinvbit, bmi1, bmi2, adx, fma

Memory: 4k page, system-wide physical 3956M (264M free)
TotalPageFile size 16244M (AvailPageFile size 32M)
current process WorkingSet (physical memory assigned to process): 10M, peak: 10M
current process commit charge ("private bytes"): 60M, peak: 121M

vm_info: Java HotSpot(TM) 64-Bit Server VM (13.0.2+8) for windows-amd64 JRE (13.0.2+8), built on Dec 11 2019 09:20:33 by "mach5one" with unknown MS VC++:1916

END.
